2025-03-14 21:47:00 | INFO | repo=auction | action=commit
2025-01-01 11:20:00 | INFO | repo=auction | action=test | passed=true
2025-04-01 16:08:00 | WARN | repo=auction | action=commit
2025-02-28 07:24:00 | DEBUG | repo=auction | action=edit | files=3
2025-05-09 11:34:00 | WARN | repo=auction | action=commit
2025-05-02 10:09:00 | DEBUG | repo=auction | action=commit
2025-10-02 20:53:00 | DEBUG | repo=auction | action=commit
2025-08-19 13:48:00 | INFO | repo=auction | action=test | passed=true
2025-07-11 20:54:00 | INFO | repo=auction | action=commit
2025-06-19 10:28:00 | INFO | repo=auction | action=commit
2025-07-28 15:11:00 | INFO | repo=auction | action=commit
2025-08-23 13:34:00 | WARN | repo=auction | action=test | passed=true
2025-04-23 16:26:00 | INFO | repo=auction | action=commit
2025-08-04 07:33:00 | DEBUG | repo=auction | action=commit
2025-04-23 19:43:00 | INFO | repo=auction | action=commit
2025-04-16 14:51:00 | DEBUG | repo=auction | action=commit
2025-08-22 11:23:00 | WARN | repo=auction | action=pull
2025-05-09 07:22:00 | INFO | repo=auction | action=pull
2025-09-22 12:16:00 | WARN | repo=auction | action=commit
2025-12-27 14:43:00 | DEBUG | repo=auction | action=commit
